0	1	mikroCPIC1618.exe -MSF -DBG -pP16C77 -DL -O11111114 -fo8 -N"C:\Users\arpit\Desktop\New folder (2)\MyProject.mcppi" -SP"C:\Users\Public\Documents\Mikroelektronika\mikroC PRO for PIC\Defs\" -SP"C:\Users\Public\Documents\Mikroelektronika\mikroC PRO for PIC\Uses\P16\" -SP"C:\Users\arpit\Desktop\New folder (2)\" "MyProject.c" "__Lib_Math.mcl" "__Lib_MathDouble.mcl" "__Lib_System.mcl" "__Lib_Delays.mcl" "__Lib_CType.mcl" "__Lib_CString.mcl" "__Lib_CStdlib.mcl" "__Lib_CMath.mcl" "__Lib_MemManager.mcl" "__Lib_Conversions.mcl" "__Lib_Sprinti.mcl" "__Lib_Sprintl.mcl" "__Lib_Time.mcl" "__Lib_Trigonometry.mcl" "__Lib_Button.mcl" "__Lib_Keypad4x4.mcl" "__Lib_Manchester.mcl" "__Lib_OneWire.mcl" "__Lib_PS2.mcl" "__Lib_Sound.mcl" "__Lib_SoftI2C.mcl" "__Lib_SoftSPI.mcl" "__Lib_SoftUART.mcl" "__Lib_ADC_A_A.mcl" "__Lib_PWM_c2.mcl" "__Lib_SPI_c345.mcl" "__Lib_UART_c67.mcl" "__Lib_PortExpander.mcl" "__Lib_CANSPI.mcl" "__Lib_CF.mcl" "__Lib_GlcdFonts.mcl" "__Lib_Glcd.mcl" "__Lib_LcdConsts.mcl" "__Lib_Lcd.mcl" "__Lib_RS485.mcl" "__Lib_S1D13700.mcl" "__Lib_T6963C.mcl" "__Lib_SPIGlcd.mcl" "__Lib_SPILcd.mcl" "__Lib_SPILcd8.mcl" "__Lib_SPIT6963C.mcl" "__Lib_EthEnc28j60.mcl" "__Lib_EthEnc24j600.mcl" "__Lib_TouchPanel.mcl"	 
hint: 0	1139	Available RAM: 352 [bytes], Available ROM: 8192 [bytes]	 
diagnostics: 0	122	Compilation Started	MyProject.c
error: 90	324	Undeclared identifier 'EEPROM_Read' in expression	MyProject.c
error: 96	324	Undeclared identifier 'EEPROM_Read' in expression	MyProject.c
error: 100	324	Undeclared identifier 'EEPROM_Read' in expression	MyProject.c
error: 106	324	Undeclared identifier 'EEPROM_Write' in expression	MyProject.c
error: 107	324	Undeclared identifier 'EEPROM_Read' in expression	MyProject.c
error: 110	324	Undeclared identifier 'EEPROM_Write' in expression	MyProject.c
error: 111	324	Undeclared identifier 'EEPROM_Read' in expression	MyProject.c
error: 114	324	Undeclared identifier 'EEPROM_Write' in expression	MyProject.c
error: 115	324	Undeclared identifier 'EEPROM_Read' in expression	MyProject.c
error: 137	317	Operator '.' is not applicable to these operands 'PORTA'	MyProject.c
error: 137	317	Operator '' is not applicable to these operands ''	MyProject.c
error: 142	317	Operator '.' is not applicable to these operands 'PORTC'	MyProject.c
error: 143	317	Operator '.' is not applicable to these operands 'PORTC'	MyProject.c
error: 147	317	Operator '.' is not applicable to these operands 'PORTC'	MyProject.c
error: 148	317	Operator '.' is not applicable to these operands 'PORTC'	MyProject.c
error: 149	317	Operator '.' is not applicable to these operands 'PORTC'	MyProject.c
error: 149	317	Operator '' is not applicable to these operands ''	MyProject.c
error: 164	324	Undeclared identifier 'EEPROM_Write' in expression	MyProject.c
error: 167	317	Operator '.' is not applicable to these operands 'PORTA'	MyProject.c
error: 167	317	Operator '' is not applicable to these operands ''	MyProject.c
error: 169	324	Undeclared identifier 'EEPROM_Write' in expression	MyProject.c
error: 172	317	Operator '.' is not applicable to these operands 'PORTA'	MyProject.c
error: 172	317	Operator '' is not applicable to these operands ''	MyProject.c
error: 174	324	Undeclared identifier 'EEPROM_Write' in expression	MyProject.c
error: 177	317	Operator '.' is not applicable to these operands 'PORTA'	MyProject.c
error: 177	317	Operator '' is not applicable to these operands ''	MyProject.c
error: 197	324	Undeclared identifier 'EEPROM_Write' in expression	MyProject.c
error: 198	324	Undeclared identifier 'EEPROM_Write' in expression	MyProject.c
error: 199	324	Undeclared identifier 'EEPROM_Write' in expression	MyProject.c
error: 210	324	Undeclared identifier 'EEPROM_Write' in expression	MyProject.c
error: 211	324	Undeclared identifier 'EEPROM_Write' in expression	MyProject.c
error: 212	324	Undeclared identifier 'EEPROM_Write' in expression	MyProject.c
error: 223	324	Undeclared identifier 'EEPROM_Write' in expression	MyProject.c
error: 224	324	Undeclared identifier 'EEPROM_Write' in expression	MyProject.c
error: 225	324	Undeclared identifier 'EEPROM_Write' in expression	MyProject.c
error: 0	102	Finished (with errors): 01 Apr 2017, 15:59:25	MyProject.mcppi
